<?xml version="1.0" encoding="UTF-8"?>
<testng-results ignored="0" total="13" passed="13" failed="0" skipped="0">
  <reporter-output>
  </reporter-output>
  <suite started-at="2021-10-10T15:11:12 MYT" name="Surefire suite" finished-at="2021-10-10T15:12:32 MYT" duration-ms="80170">
    <groups>
      <group name="cucumber">
        <method signature="AbstractTestNGCucumberTests.runScenario(io.cucumber.testng.PickleWrapper, io.cucumber.testng.FeatureWrapper)[pri:0, instance:TestRunner@6328d34a]" name="runScenario" class="io.cucumber.testng.AbstractTestNGCucumberTests"/>
      </group> <!-- cucumber -->
    </groups>
    <test started-at="2021-10-10T15:11:12 MYT" name="Surefire test" finished-at="2021-10-10T15:12:32 MYT" duration-ms="80170">
      <class name="TestRunner">
        <test-method is-config="true" signature="setUpClass()[pri:0, instance:TestRunner@6328d34a]" started-at="2021-10-10T15:11:12 MYT" name="setUpClass" finished-at="2021-10-10T15:11:13 MYT" duration-ms="588" status="PASS">
          <reporter-output>
          </reporter-output>
        </test-method> <!-- setUpClass -->
        <test-method signature="runScenario(io.cucumber.testng.PickleWrapper, io.cucumber.testng.FeatureWrapper)[pri:0, instance:TestRunner@6328d34a]" started-at="2021-10-10T15:11:13 MYT" name="runScenario" description="Runs Cucumber Scenarios" data-provider="scenarios" finished-at="2021-10-10T15:11:17 MYT" duration-ms="3630" status="PASS">
          <params>
            <param index="0">
              <value>
                <![CDATA["User is able to get a resource"]]>
              </value>
            </param>
            <param index="1">
              <value>
                <![CDATA["Optional[Test Json Placeholder API's]"]]>
              </value>
            </param>
          </params>
          <reporter-output>
          </reporter-output>
        </test-method> <!-- runScenario -->
        <test-method signature="runScenario(io.cucumber.testng.PickleWrapper, io.cucumber.testng.FeatureWrapper)[pri:0, instance:TestRunner@6328d34a]" started-at="2021-10-10T15:11:17 MYT" name="runScenario" description="Runs Cucumber Scenarios" data-provider="scenarios" finished-at="2021-10-10T15:11:17 MYT" duration-ms="351" status="PASS">
          <params>
            <param index="0">
              <value>
                <![CDATA["User is able to get all the resources"]]>
              </value>
            </param>
            <param index="1">
              <value>
                <![CDATA["Optional[Test Json Placeholder API's]"]]>
              </value>
            </param>
          </params>
          <reporter-output>
          </reporter-output>
        </test-method> <!-- runScenario -->
        <test-method signature="runScenario(io.cucumber.testng.PickleWrapper, io.cucumber.testng.FeatureWrapper)[pri:0, instance:TestRunner@6328d34a]" started-at="2021-10-10T15:11:17 MYT" name="runScenario" description="Runs Cucumber Scenarios" data-provider="scenarios" finished-at="2021-10-10T15:11:18 MYT" duration-ms="862" status="PASS">
          <params>
            <param index="0">
              <value>
                <![CDATA["User is able to create a resource"]]>
              </value>
            </param>
            <param index="1">
              <value>
                <![CDATA["Optional[Test Json Placeholder API's]"]]>
              </value>
            </param>
          </params>
          <reporter-output>
          </reporter-output>
        </test-method> <!-- runScenario -->
        <test-method signature="runScenario(io.cucumber.testng.PickleWrapper, io.cucumber.testng.FeatureWrapper)[pri:0, instance:TestRunner@6328d34a]" started-at="2021-10-10T15:11:18 MYT" name="runScenario" description="Runs Cucumber Scenarios" data-provider="scenarios" finished-at="2021-10-10T15:11:19 MYT" duration-ms="805" status="PASS">
          <params>
            <param index="0">
              <value>
                <![CDATA["User is able to update a resource"]]>
              </value>
            </param>
            <param index="1">
              <value>
                <![CDATA["Optional[Test Json Placeholder API's]"]]>
              </value>
            </param>
          </params>
          <reporter-output>
          </reporter-output>
        </test-method> <!-- runScenario -->
        <test-method signature="runScenario(io.cucumber.testng.PickleWrapper, io.cucumber.testng.FeatureWrapper)[pri:0, instance:TestRunner@6328d34a]" started-at="2021-10-10T15:11:19 MYT" name="runScenario" description="Runs Cucumber Scenarios" data-provider="scenarios" finished-at="2021-10-10T15:11:19 MYT" duration-ms="776" status="PASS">
          <params>
            <param index="0">
              <value>
                <![CDATA["User is able to patch a resource"]]>
              </value>
            </param>
            <param index="1">
              <value>
                <![CDATA["Optional[Test Json Placeholder API's]"]]>
              </value>
            </param>
          </params>
          <reporter-output>
          </reporter-output>
        </test-method> <!-- runScenario -->
        <test-method signature="runScenario(io.cucumber.testng.PickleWrapper, io.cucumber.testng.FeatureWrapper)[pri:0, instance:TestRunner@6328d34a]" started-at="2021-10-10T15:11:19 MYT" name="runScenario" description="Runs Cucumber Scenarios" data-provider="scenarios" finished-at="2021-10-10T15:11:20 MYT" duration-ms="731" status="PASS">
          <params>
            <param index="0">
              <value>
                <![CDATA["User is able to delete a resource"]]>
              </value>
            </param>
            <param index="1">
              <value>
                <![CDATA["Optional[Test Json Placeholder API's]"]]>
              </value>
            </param>
          </params>
          <reporter-output>
          </reporter-output>
        </test-method> <!-- runScenario -->
        <test-method signature="runScenario(io.cucumber.testng.PickleWrapper, io.cucumber.testng.FeatureWrapper)[pri:0, instance:TestRunner@6328d34a]" started-at="2021-10-10T15:11:20 MYT" name="runScenario" description="Runs Cucumber Scenarios" data-provider="scenarios" finished-at="2021-10-10T15:11:29 MYT" duration-ms="8755" status="PASS">
          <params>
            <param index="0">
              <value>
                <![CDATA["The User should be able to add tasks to the To Do list"]]>
              </value>
            </param>
            <param index="1">
              <value>
                <![CDATA["Optional[To do list]"]]>
              </value>
            </param>
          </params>
          <reporter-output>
          </reporter-output>
        </test-method> <!-- runScenario -->
        <test-method signature="runScenario(io.cucumber.testng.PickleWrapper, io.cucumber.testng.FeatureWrapper)[pri:0, instance:TestRunner@6328d34a]" started-at="2021-10-10T15:11:29 MYT" name="runScenario" description="Runs Cucumber Scenarios" data-provider="scenarios" finished-at="2021-10-10T15:11:37 MYT" duration-ms="8455" status="PASS">
          <params>
            <param index="0">
              <value>
                <![CDATA["The User should be able to complete a task"]]>
              </value>
            </param>
            <param index="1">
              <value>
                <![CDATA["Optional[To do list]"]]>
              </value>
            </param>
          </params>
          <reporter-output>
          </reporter-output>
        </test-method> <!-- runScenario -->
        <test-method signature="runScenario(io.cucumber.testng.PickleWrapper, io.cucumber.testng.FeatureWrapper)[pri:0, instance:TestRunner@6328d34a]" started-at="2021-10-10T15:11:37 MYT" name="runScenario" description="Runs Cucumber Scenarios" data-provider="scenarios" finished-at="2021-10-10T15:11:50 MYT" duration-ms="12807" status="PASS">
          <params>
            <param index="0">
              <value>
                <![CDATA["The User should be able to delete a task"]]>
              </value>
            </param>
            <param index="1">
              <value>
                <![CDATA["Optional[To do list]"]]>
              </value>
            </param>
          </params>
          <reporter-output>
          </reporter-output>
        </test-method> <!-- runScenario -->
        <test-method signature="runScenario(io.cucumber.testng.PickleWrapper, io.cucumber.testng.FeatureWrapper)[pri:0, instance:TestRunner@6328d34a]" started-at="2021-10-10T15:11:50 MYT" name="runScenario" description="Runs Cucumber Scenarios" data-provider="scenarios" finished-at="2021-10-10T15:11:59 MYT" duration-ms="8949" status="PASS">
          <params>
            <param index="0">
              <value>
                <![CDATA["The User should be able filter the task according to status"]]>
              </value>
            </param>
            <param index="1">
              <value>
                <![CDATA["Optional[To do list]"]]>
              </value>
            </param>
          </params>
          <reporter-output>
          </reporter-output>
        </test-method> <!-- runScenario -->
        <test-method signature="runScenario(io.cucumber.testng.PickleWrapper, io.cucumber.testng.FeatureWrapper)[pri:0, instance:TestRunner@6328d34a]" started-at="2021-10-10T15:11:59 MYT" name="runScenario" description="Runs Cucumber Scenarios" data-provider="scenarios" finished-at="2021-10-10T15:12:08 MYT" duration-ms="8721" status="PASS">
          <params>
            <param index="0">
              <value>
                <![CDATA["The User should be able to clear completed tasks from the list"]]>
              </value>
            </param>
            <param index="1">
              <value>
                <![CDATA["Optional[To do list]"]]>
              </value>
            </param>
          </params>
          <reporter-output>
          </reporter-output>
        </test-method> <!-- runScenario -->
        <test-method signature="runScenario(io.cucumber.testng.PickleWrapper, io.cucumber.testng.FeatureWrapper)[pri:0, instance:TestRunner@6328d34a]" started-at="2021-10-10T15:12:08 MYT" name="runScenario" description="Runs Cucumber Scenarios" data-provider="scenarios" finished-at="2021-10-10T15:12:17 MYT" duration-ms="9045" status="PASS">
          <params>
            <param index="0">
              <value>
                <![CDATA["The User should be able to edit a task"]]>
              </value>
            </param>
            <param index="1">
              <value>
                <![CDATA["Optional[To do list]"]]>
              </value>
            </param>
          </params>
          <reporter-output>
          </reporter-output>
        </test-method> <!-- runScenario -->
        <test-method signature="runScenario(io.cucumber.testng.PickleWrapper, io.cucumber.testng.FeatureWrapper)[pri:0, instance:TestRunner@6328d34a]" started-at="2021-10-10T15:12:17 MYT" name="runScenario" description="Runs Cucumber Scenarios" data-provider="scenarios" finished-at="2021-10-10T15:12:32 MYT" duration-ms="15114" status="PASS">
          <params>
            <param index="0">
              <value>
                <![CDATA["The User should be able to see all the required labels on home page"]]>
              </value>
            </param>
            <param index="1">
              <value>
                <![CDATA["Optional[To do list]"]]>
              </value>
            </param>
          </params>
          <reporter-output>
          </reporter-output>
        </test-method> <!-- runScenario -->
        <test-method is-config="true" signature="tearDownClass()[pri:0, instance:TestRunner@6328d34a]" started-at="2021-10-10T15:12:32 MYT" name="tearDownClass" finished-at="2021-10-10T15:12:32 MYT" duration-ms="525" status="PASS">
          <reporter-output>
          </reporter-output>
        </test-method> <!-- tearDownClass -->
      </class> <!-- TestRunner -->
    </test> <!-- Surefire test -->
  </suite> <!-- Surefire suite -->
</testng-results>
