<?xml version="1.0" encoding="UTF-8"?>
<testng-results ignored="0" total="13" passed="13" failed="0" skipped="0">
  <reporter-output>
  </reporter-output>
  <suite started-at="2021-10-10T18:22:04 MYT" name="Surefire suite" finished-at="2021-10-10T18:23:17 MYT" duration-ms="73514">
    <groups>
      <group name="cucumber">
        <method signature="AbstractTestNGCucumberTests.runScenario(io.cucumber.testng.PickleWrapper, io.cucumber.testng.FeatureWrapper)[pri:0, instance:TestRunner@6328d34a]" name="runScenario" class="io.cucumber.testng.AbstractTestNGCucumberTests"/>
      </group> <!-- cucumber -->
    </groups>
    <test started-at="2021-10-10T18:22:04 MYT" name="Surefire test" finished-at="2021-10-10T18:23:17 MYT" duration-ms="73514">
      <class name="TestRunner">
        <test-method is-config="true" signature="setUpClass()[pri:0, instance:TestRunner@6328d34a]" started-at="2021-10-10T18:22:04 MYT" name="setUpClass" finished-at="2021-10-10T18:22:04 MYT" duration-ms="625" status="PASS">
          <reporter-output>
          </reporter-output>
        </test-method> <!-- setUpClass -->
        <test-method signature="runScenario(io.cucumber.testng.PickleWrapper, io.cucumber.testng.FeatureWrapper)[pri:0, instance:TestRunner@6328d34a]" started-at="2021-10-10T18:22:04 MYT" name="runScenario" description="Runs Cucumber Scenarios" data-provider="scenarios" finished-at="2021-10-10T18:22:08 MYT" duration-ms="3749" status="PASS">
          <params>
            <param index="0">
              <value>
                <![CDATA["User is able to get a resource"]]>
              </value>
            </param>
            <param index="1">
              <value>
                <![CDATA["Optional[Test Json Placeholder API's]"]]>
              </value>
            </param>
          </params>
          <reporter-output>
          </reporter-output>
        </test-method> <!-- runScenario -->
        <test-method signature="runScenario(io.cucumber.testng.PickleWrapper, io.cucumber.testng.FeatureWrapper)[pri:0, instance:TestRunner@6328d34a]" started-at="2021-10-10T18:22:08 MYT" name="runScenario" description="Runs Cucumber Scenarios" data-provider="scenarios" finished-at="2021-10-10T18:22:09 MYT" duration-ms="357" status="PASS">
          <params>
            <param index="0">
              <value>
                <![CDATA["User is able to get all the resources"]]>
              </value>
            </param>
            <param index="1">
              <value>
                <![CDATA["Optional[Test Json Placeholder API's]"]]>
              </value>
            </param>
          </params>
          <reporter-output>
          </reporter-output>
        </test-method> <!-- runScenario -->
        <test-method signature="runScenario(io.cucumber.testng.PickleWrapper, io.cucumber.testng.FeatureWrapper)[pri:0, instance:TestRunner@6328d34a]" started-at="2021-10-10T18:22:09 MYT" name="runScenario" description="Runs Cucumber Scenarios" data-provider="scenarios" finished-at="2021-10-10T18:22:09 MYT" duration-ms="882" status="PASS">
          <params>
            <param index="0">
              <value>
                <![CDATA["User is able to create a resource"]]>
              </value>
            </param>
            <param index="1">
              <value>
                <![CDATA["Optional[Test Json Placeholder API's]"]]>
              </value>
            </param>
          </params>
          <reporter-output>
          </reporter-output>
        </test-method> <!-- runScenario -->
        <test-method signature="runScenario(io.cucumber.testng.PickleWrapper, io.cucumber.testng.FeatureWrapper)[pri:0, instance:TestRunner@6328d34a]" started-at="2021-10-10T18:22:09 MYT" name="runScenario" description="Runs Cucumber Scenarios" data-provider="scenarios" finished-at="2021-10-10T18:22:10 MYT" duration-ms="808" status="PASS">
          <params>
            <param index="0">
              <value>
                <![CDATA["User is able to update a resource"]]>
              </value>
            </param>
            <param index="1">
              <value>
                <![CDATA["Optional[Test Json Placeholder API's]"]]>
              </value>
            </param>
          </params>
          <reporter-output>
          </reporter-output>
        </test-method> <!-- runScenario -->
        <test-method signature="runScenario(io.cucumber.testng.PickleWrapper, io.cucumber.testng.FeatureWrapper)[pri:0, instance:TestRunner@6328d34a]" started-at="2021-10-10T18:22:10 MYT" name="runScenario" description="Runs Cucumber Scenarios" data-provider="scenarios" finished-at="2021-10-10T18:22:12 MYT" duration-ms="1271" status="PASS">
          <params>
            <param index="0">
              <value>
                <![CDATA["User is able to patch a resource"]]>
              </value>
            </param>
            <param index="1">
              <value>
                <![CDATA["Optional[Test Json Placeholder API's]"]]>
              </value>
            </param>
          </params>
          <reporter-output>
          </reporter-output>
        </test-method> <!-- runScenario -->
        <test-method signature="runScenario(io.cucumber.testng.PickleWrapper, io.cucumber.testng.FeatureWrapper)[pri:0, instance:TestRunner@6328d34a]" started-at="2021-10-10T18:22:12 MYT" name="runScenario" description="Runs Cucumber Scenarios" data-provider="scenarios" finished-at="2021-10-10T18:22:12 MYT" duration-ms="763" status="PASS">
          <params>
            <param index="0">
              <value>
                <![CDATA["User is able to delete a resource"]]>
              </value>
            </param>
            <param index="1">
              <value>
                <![CDATA["Optional[Test Json Placeholder API's]"]]>
              </value>
            </param>
          </params>
          <reporter-output>
          </reporter-output>
        </test-method> <!-- runScenario -->
        <test-method signature="runScenario(io.cucumber.testng.PickleWrapper, io.cucumber.testng.FeatureWrapper)[pri:0, instance:TestRunner@6328d34a]" started-at="2021-10-10T18:22:12 MYT" name="runScenario" description="Runs Cucumber Scenarios" data-provider="scenarios" finished-at="2021-10-10T18:22:24 MYT" duration-ms="11472" status="PASS">
          <params>
            <param index="0">
              <value>
                <![CDATA["The User should be able to add tasks to the To Do list"]]>
              </value>
            </param>
            <param index="1">
              <value>
                <![CDATA["Optional[To do list]"]]>
              </value>
            </param>
          </params>
          <reporter-output>
          </reporter-output>
        </test-method> <!-- runScenario -->
        <test-method signature="runScenario(io.cucumber.testng.PickleWrapper, io.cucumber.testng.FeatureWrapper)[pri:0, instance:TestRunner@6328d34a]" started-at="2021-10-10T18:22:24 MYT" name="runScenario" description="Runs Cucumber Scenarios" data-provider="scenarios" finished-at="2021-10-10T18:22:31 MYT" duration-ms="7634" status="PASS">
          <params>
            <param index="0">
              <value>
                <![CDATA["The User should be able to complete a task"]]>
              </value>
            </param>
            <param index="1">
              <value>
                <![CDATA["Optional[To do list]"]]>
              </value>
            </param>
          </params>
          <reporter-output>
          </reporter-output>
        </test-method> <!-- runScenario -->
        <test-method signature="runScenario(io.cucumber.testng.PickleWrapper, io.cucumber.testng.FeatureWrapper)[pri:0, instance:TestRunner@6328d34a]" started-at="2021-10-10T18:22:31 MYT" name="runScenario" description="Runs Cucumber Scenarios" data-provider="scenarios" finished-at="2021-10-10T18:22:43 MYT" duration-ms="11908" status="PASS">
          <params>
            <param index="0">
              <value>
                <![CDATA["The User should be able to delete a task"]]>
              </value>
            </param>
            <param index="1">
              <value>
                <![CDATA["Optional[To do list]"]]>
              </value>
            </param>
          </params>
          <reporter-output>
          </reporter-output>
        </test-method> <!-- runScenario -->
        <test-method signature="runScenario(io.cucumber.testng.PickleWrapper, io.cucumber.testng.FeatureWrapper)[pri:0, instance:TestRunner@6328d34a]" started-at="2021-10-10T18:22:43 MYT" name="runScenario" description="Runs Cucumber Scenarios" data-provider="scenarios" finished-at="2021-10-10T18:22:52 MYT" duration-ms="8741" status="PASS">
          <params>
            <param index="0">
              <value>
                <![CDATA["The User should be able filter the task according to status"]]>
              </value>
            </param>
            <param index="1">
              <value>
                <![CDATA["Optional[To do list]"]]>
              </value>
            </param>
          </params>
          <reporter-output>
          </reporter-output>
        </test-method> <!-- runScenario -->
        <test-method signature="runScenario(io.cucumber.testng.PickleWrapper, io.cucumber.testng.FeatureWrapper)[pri:0, instance:TestRunner@6328d34a]" started-at="2021-10-10T18:22:52 MYT" name="runScenario" description="Runs Cucumber Scenarios" data-provider="scenarios" finished-at="2021-10-10T18:23:00 MYT" duration-ms="7436" status="PASS">
          <params>
            <param index="0">
              <value>
                <![CDATA["The User should be able to clear completed tasks from the list"]]>
              </value>
            </param>
            <param index="1">
              <value>
                <![CDATA["Optional[To do list]"]]>
              </value>
            </param>
          </params>
          <reporter-output>
          </reporter-output>
        </test-method> <!-- runScenario -->
        <test-method signature="runScenario(io.cucumber.testng.PickleWrapper, io.cucumber.testng.FeatureWrapper)[pri:0, instance:TestRunner@6328d34a]" started-at="2021-10-10T18:23:00 MYT" name="runScenario" description="Runs Cucumber Scenarios" data-provider="scenarios" finished-at="2021-10-10T18:23:08 MYT" duration-ms="8124" status="PASS">
          <params>
            <param index="0">
              <value>
                <![CDATA["The User should be able to edit a task"]]>
              </value>
            </param>
            <param index="1">
              <value>
                <![CDATA["Optional[To do list]"]]>
              </value>
            </param>
          </params>
          <reporter-output>
          </reporter-output>
        </test-method> <!-- runScenario -->
        <test-method signature="runScenario(io.cucumber.testng.PickleWrapper, io.cucumber.testng.FeatureWrapper)[pri:0, instance:TestRunner@6328d34a]" started-at="2021-10-10T18:23:08 MYT" name="runScenario" description="Runs Cucumber Scenarios" data-provider="scenarios" finished-at="2021-10-10T18:23:17 MYT" duration-ms="9409" status="PASS">
          <params>
            <param index="0">
              <value>
                <![CDATA["The User should be able to see all the required labels on home page"]]>
              </value>
            </param>
            <param index="1">
              <value>
                <![CDATA["Optional[To do list]"]]>
              </value>
            </param>
          </params>
          <reporter-output>
          </reporter-output>
        </test-method> <!-- runScenario -->
        <test-method is-config="true" signature="tearDownClass()[pri:0, instance:TestRunner@6328d34a]" started-at="2021-10-10T18:23:17 MYT" name="tearDownClass" finished-at="2021-10-10T18:23:17 MYT" duration-ms="284" status="PASS">
          <reporter-output>
          </reporter-output>
        </test-method> <!-- tearDownClass -->
      </class> <!-- TestRunner -->
    </test> <!-- Surefire test -->
  </suite> <!-- Surefire suite -->
</testng-results>
