<?xml version="1.0" encoding="UTF-8"?>
<testng-results ignored="0" total="1" passed="1" failed="0" skipped="0">
  <reporter-output>
  </reporter-output>
  <suite started-at="2021-10-10T15:18:28 MYT" name="Default suite" finished-at="2021-10-10T15:18:37 MYT" duration-ms="9468">
    <groups>
      <group name="cucumber">
        <method signature="AbstractTestNGCucumberTests.runScenario(io.cucumber.testng.PickleWrapper, io.cucumber.testng.FeatureWrapper)[pri:0, instance:TestRunner@6e4784bc]" name="runScenario" class="io.cucumber.testng.AbstractTestNGCucumberTests"/>
      </group> <!-- cucumber -->
    </groups>
    <test started-at="2021-10-10T15:18:28 MYT" name="Default test" finished-at="2021-10-10T15:18:37 MYT" duration-ms="9468">
      <class name="TestRunner">
        <test-method is-config="true" signature="setUpClass()[pri:0, instance:TestRunner@6e4784bc]" started-at="2021-10-10T15:18:28 MYT" name="setUpClass" finished-at="2021-10-10T15:18:28 MYT" duration-ms="619" status="PASS">
          <reporter-output>
          </reporter-output>
        </test-method> <!-- setUpClass -->
        <test-method signature="runScenario(io.cucumber.testng.PickleWrapper, io.cucumber.testng.FeatureWrapper)[pri:0, instance:TestRunner@6e4784bc]" started-at="2021-10-10T15:18:28 MYT" name="runScenario" description="Runs Cucumber Scenarios" data-provider="scenarios" finished-at="2021-10-10T15:18:37 MYT" duration-ms="8588" status="PASS">
          <params>
            <param index="0">
              <value>
                <![CDATA["The User should be able to see all the required labels on home page"]]>
              </value>
            </param>
            <param index="1">
              <value>
                <![CDATA["Optional[To do list]"]]>
              </value>
            </param>
          </params>
          <reporter-output>
          </reporter-output>
        </test-method> <!-- runScenario -->
        <test-method is-config="true" signature="tearDownClass()[pri:0, instance:TestRunner@6e4784bc]" started-at="2021-10-10T15:18:37 MYT" name="tearDownClass" finished-at="2021-10-10T15:18:37 MYT" duration-ms="219" status="PASS">
          <reporter-output>
          </reporter-output>
        </test-method> <!-- tearDownClass -->
      </class> <!-- TestRunner -->
    </test> <!-- Default test -->
  </suite> <!-- Default suite -->
</testng-results>
